Arguments: 
  /home/prior/.nvm/versions/node/v8.9.3/bin/node /home/prior/.nvm/versions/node/v8.9.3/bin/yarn add file:..

PATH: 
  /home/prior/.nvm/versions/node/v8.9.3/bin:/home/prior/.cargo/bin:/home/prior/.cargo/bin:/usr/local/sbin:/usr/local/bin:/usr/bin:/opt/android-sdk/platform-tools:/opt/android-sdk/tools:/opt/cuda/bin:/usr/lib/emscripten:/usr/lib/jvm/default/bin:/usr/bin/site_perl:/usr/bin/vendor_perl:/usr/bin/core_perl

Yarn version: 
  1.3.2

Node version: 
  8.9.3

Platform: 
  linux x64

npm manifest: 
  {
    "name": "native-image-diff-example",
    "main": "src/index.js"
  }

yarn manifest: 
  No manifest

Lockfile: 
  No lockfile

Trace: 
  Error: https://registry.yarnpkg.com/node-fetch: ETIMEDOUT
      at Timeout._onTimeout (/home/prior/.nvm/versions/node/v8.9.3/lib/node_modules/yarn/lib/cli.js:123749:19)
      at ontimeout (timers.js:475:11)
      at tryOnTimeout (timers.js:310:5)
      at Timer.listOnTimeout (timers.js:270:5)
